[debug] [2022-08-03T07:43:04.725Z] ----------------------------------------------------------------------
[debug] [2022-08-03T07:43:04.726Z] Command:       C:\Program Files\nodejs\node.exe C:\Users\sydor\AppData\Roaming\npm\node_modules\firebase-tools\lib\bin\firebase.js init
[debug] [2022-08-03T07:43:04.727Z] CLI Version:   10.8.0
[debug] [2022-08-03T07:43:04.727Z] Platform:      win32
[debug] [2022-08-03T07:43:04.727Z] Node Version:  v16.14.2
[debug] [2022-08-03T07:43:04.728Z] Time:          Wed Aug 03 2022 09:43:04 GMT+0200 (за центральноєвропейським літнім часом)
[debug] [2022-08-03T07:43:04.728Z] ----------------------------------------------------------------------
[debug] 
[debug] [2022-08-03T07:43:04.788Z] > command requires scopes: ["email","openid","https://www.googleapis.com/auth/cloudplatformprojects.readonly","https://www.googleapis.com/auth/firebase","https://www.googleapis.com/auth/cloud-platform"]
[debug] [2022-08-03T07:43:04.789Z] > authorizing via signed-in user (sydoruk2oo3@gmail.com)
[info] 
     ######## #### ########  ######## ########     ###     ######  ########
     ##        ##  ##     ## ##       ##     ##  ##   ##  ##       ##
     ######    ##  ########  ######   ########  #########  ######  ######
     ##        ##  ##    ##  ##       ##     ## ##     ##       ## ##
     ##       #### ##     ## ######## ########  ##     ##  ######  ########

You're about to initialize a Firebase project in this directory:

  D:\EDU\angular\countries

Before we get started, keep in mind:

  * You are initializing within an existing Firebase project directory

